<?xml version="1.0" encoding="UTF-8"?>
<testsuite xmlns:xsi="http://www.w3.org/2001/XMLSchema-instance" xsi:noNamespaceSchemaLocation="https://maven.apache.org/surefire/maven-surefire-plugin/xsd/surefire-test-report-3.0.xsd" version="3.0" name="TestSuite" time="491.693" tests="8" errors="0" skipped="0" failures="0">
  <properties>
[...]
</properties>
  <testcase name="loginTest[vineet123456@gmail.com, vineet123](1)" classname="com.myamazon.testcases.LoginTest" time="19.296">
    <system-out><![CDATA[D:\OneDrive - Nagarro\LEARNING\SELENIUM_PROJECTS\MyAmazonV1
File moved successfully
11:19:51.056 [main] INFO  com.myamazon.utility.Log - -------------Start loginTest------------------------
11:19:51.104 [main] INFO  com.myamazon.utility.Log - Index Page loaded
11:20:01.893 [main] INFO  com.myamazon.utility.Log - Click on SignIn
11:20:02.231 [main] INFO  com.myamazon.utility.Log - Entered text :vineet123456@gmail.com
Successfully entered value
11:20:02.509 [main] INFO  com.myamazon.utility.Log - Entered text :vineet123
Successfully entered value
11:20:09.599 [main] INFO  com.myamazon.utility.Log - Entered Email address and password for login
11:20:09.608 [main] INFO  com.myamazon.utility.Log - Log in validated successfully
11:20:09.608 [main] INFO  com.myamazon.utility.Log - -------------End loginTest------------------------
]]></system-out>
    <system-err><![CDATA[[main] INFO io.github.bonigarcia.wdm.WebDriverManager - Please answer the following questionnaire based on your experience with WebDriverManager. Thanks a lot!
[main] INFO io.github.bonigarcia.wdm.WebDriverManager - ====> http://tiny.cc/wdm-survey <====
[main] INFO io.github.bonigarcia.wdm.WebDriverManager - Using chromedriver 102.0.5005.61 (since Chrome 102 is installed in your machine)
[main] INFO io.github.bonigarcia.wdm.WebDriverManager - Exporting webdriver.chrome.driver as C:\Users\kanwaljeetsingh\.m2\repository\webdriver\chromedriver\win32\102.0.5005.61\chromedriver.exe
Starting ChromeDriver 102.0.5005.61 (0e59bcc00cc4985ce39ad31c150065f159d95ad3-refs/branch-heads/5005@{#819}) on port 29550
Only local connections are allowed.
Please see https://chromedriver.chromium.org/security-considerations for suggestions on keeping ChromeDriver safe.
ChromeDriver was started successfully.
Jun 17, 2022 11:19:24 AM org.openqa.selenium.remote.ProtocolHandshake createSession
INFO: Detected dialect: W3C
]]></system-err>
  </testcase>
  <testcase name="endToEndTest[t-shirt, 2.0, M](1)" classname="com.myamazon.testcases.EndToEndTest" time="79.557">
    <system-out><![CDATA[11:20:29.859 [main] INFO  com.myamazon.utility.Log - -------------Start endToEndTest------------------------
11:20:29.861 [main] INFO  com.myamazon.utility.Log - Index Page loaded
11:20:30.086 [main] INFO  com.myamazon.utility.Log - Entered text :t-shirt
Successfully entered value
11:20:38.134 [main] INFO  com.myamazon.utility.Log - Search Result Page loaded
11:20:53.375 [main] INFO  com.myamazon.utility.Log - Clicked on product on Search Result Page
11:20:53.638 [main] INFO  com.myamazon.utility.Log - Entered text :2.0
Successfully entered value
11:20:53.639 [main] INFO  com.myamazon.utility.Log - Entered quantity
11:20:53.854 [main] INFO  com.myamazon.utility.Log - Dropdown option selected
11:20:53.856 [main] INFO  com.myamazon.utility.Log - Selected size
11:20:54.078 [main] INFO  com.myamazon.utility.Log - Clicked on Add to Cart button
11:21:04.577 [main] INFO  com.myamazon.utility.Log - Clicked on Proceed to Checkout button on Add to Cart page
11:21:16.056 [main] INFO  com.myamazon.utility.Log - Clicked on Proceed to Checkout button on Order page
11:21:16.306 [main] INFO  com.myamazon.utility.Log - Entered text :vineet123456@gmail.com
Successfully entered value
11:21:16.471 [main] INFO  com.myamazon.utility.Log - Entered text :vineet123
Successfully entered value
11:21:26.582 [main] INFO  com.myamazon.utility.Log - User logged in
11:21:31.946 [main] INFO  com.myamazon.utility.Log - Clicked on Proceed to Checkout button on Shipping Page
11:21:32.151 [main] INFO  com.myamazon.utility.Log - Checked Terms checkbox on Shipping Page
11:21:38.915 [main] INFO  com.myamazon.utility.Log - Clicked on Proceed to Checkout button on Payment Page
11:21:43.800 [main] INFO  com.myamazon.utility.Log - Clicked on Payment Method on Order Summary Page
11:21:49.388 [main] INFO  com.myamazon.utility.Log - Clicked on Confirm Order button on Order Summary Page
11:21:49.415 [main] INFO  com.myamazon.utility.Log - confirmOrderMessage validated successfully
11:21:49.416 [main] INFO  com.myamazon.utility.Log - -------------End endToEndTest------------------------
]]></system-out>
    <system-err><![CDATA[[main] INFO io.github.bonigarcia.wdm.WebDriverManager - Please answer the following questionnaire based on your experience with WebDriverManager. Thanks a lot!
[main] INFO io.github.bonigarcia.wdm.WebDriverManager - ====> http://tiny.cc/wdm-survey <====
[main] INFO io.github.bonigarcia.wdm.WebDriverManager - Using chromedriver 102.0.5005.61 (since Chrome 102 is installed in your machine)
[main] INFO io.github.bonigarcia.wdm.WebDriverManager - Exporting webdriver.chrome.driver as C:\Users\kanwaljeetsingh\.m2\repository\webdriver\chromedriver\win32\102.0.5005.61\chromedriver.exe
Starting ChromeDriver 102.0.5005.61 (0e59bcc00cc4985ce39ad31c150065f159d95ad3-refs/branch-heads/5005@{#819}) on port 39122
Only local connections are allowed.
Please see https://chromedriver.chromium.org/security-considerations for suggestions on keeping ChromeDriver safe.
ChromeDriver was started successfully.
Jun 17, 2022 11:20:12 AM org.openqa.selenium.remote.ProtocolHandshake createSession
INFO: Detected dialect: W3C
]]></system-err>
  </testcase>
  <testcase name="addToCartTest[t-shirt, 2.0, M](1)" classname="com.myamazon.testcases.CartAddTest" time="28.63">
    <system-out><![CDATA[11:22:22.367 [main] INFO  com.myamazon.utility.Log - -------------Start addToCartTest------------------------
11:22:22.368 [main] INFO  com.myamazon.utility.Log - Index Page loaded
11:22:22.537 [main] INFO  com.myamazon.utility.Log - Entered text :t-shirt
Successfully entered value
11:22:30.308 [main] INFO  com.myamazon.utility.Log - Search Result Page loaded
11:22:47.051 [main] INFO  com.myamazon.utility.Log - Clicked on product on Search Result Page
11:22:47.286 [main] INFO  com.myamazon.utility.Log - Entered text :2.0
Successfully entered value
11:22:47.286 [main] INFO  com.myamazon.utility.Log - Entered quantity
11:22:47.448 [main] INFO  com.myamazon.utility.Log - Dropdown option selected
11:22:47.448 [main] INFO  com.myamazon.utility.Log - Selected size
11:22:47.636 [main] INFO  com.myamazon.utility.Log - Clicked on Add to Cart button
11:22:50.997 [main] INFO  com.myamazon.utility.Log - addToCartMessage validated successfully
11:22:50.997 [main] INFO  com.myamazon.utility.Log - -------------End addToCartTest------------------------
]]></system-out>
    <system-err><![CDATA[[main] INFO io.github.bonigarcia.wdm.WebDriverManager - Please answer the following questionnaire based on your experience with WebDriverManager. Thanks a lot!
[main] INFO io.github.bonigarcia.wdm.WebDriverManager - ====> http://tiny.cc/wdm-survey <====
[main] INFO io.github.bonigarcia.wdm.WebDriverManager - Using chromedriver 102.0.5005.61 (since Chrome 102 is installed in your machine)
[main] INFO io.github.bonigarcia.wdm.WebDriverManager - Exporting webdriver.chrome.driver as C:\Users\kanwaljeetsingh\.m2\repository\webdriver\chromedriver\win32\102.0.5005.61\chromedriver.exe
Starting ChromeDriver 102.0.5005.61 (0e59bcc00cc4985ce39ad31c150065f159d95ad3-refs/branch-heads/5005@{#819}) on port 37049
Only local connections are allowed.
Please see https://chromedriver.chromium.org/security-considerations for suggestions on keeping ChromeDriver safe.
ChromeDriver was started successfully.
Jun 17, 2022 11:21:51 AM org.openqa.selenium.remote.ProtocolHandshake createSession
INFO: Detected dialect: W3C
]]></system-err>
  </testcase>
  <testcase name="storeTitleTest" classname="com.myamazon.testcases.TitleTest" time="0.008">
    <system-out><![CDATA[11:23:11.276 [main] INFO  com.myamazon.utility.Log - -------------Start storeTitleTest------------------------
11:23:11.276 [main] INFO  com.myamazon.utility.Log - Index Page loaded
11:23:11.281 [main] INFO  com.myamazon.utility.Log - Store title validated successfully
11:23:11.282 [main] INFO  com.myamazon.utility.Log - -------------End storeTitleTest------------------------
]]></system-out>
    <system-err><![CDATA[[main] INFO io.github.bonigarcia.wdm.WebDriverManager - Please answer the following questionnaire based on your experience with WebDriverManager. Thanks a lot!
[main] INFO io.github.bonigarcia.wdm.WebDriverManager - ====> http://tiny.cc/wdm-survey <====
[main] INFO io.github.bonigarcia.wdm.WebDriverManager - Using chromedriver 102.0.5005.61 (since Chrome 102 is installed in your machine)
[main] INFO io.github.bonigarcia.wdm.WebDriverManager - Exporting webdriver.chrome.driver as C:\Users\kanwaljeetsingh\.m2\repository\webdriver\chromedriver\win32\102.0.5005.61\chromedriver.exe
Starting ChromeDriver 102.0.5005.61 (0e59bcc00cc4985ce39ad31c150065f159d95ad3-refs/branch-heads/5005@{#819}) on port 45146
Only local connections are allowed.
Please see https://chromedriver.chromium.org/security-considerations for suggestions on keeping ChromeDriver safe.
ChromeDriver was started successfully.
Jun 17, 2022 11:22:53 AM org.openqa.selenium.remote.ProtocolHandshake createSession
INFO: Detected dialect: W3C
]]></system-err>
  </testcase>
  <testcase name="productAvailabilityTest[t-shirt](1)" classname="com.myamazon.testcases.ProductAvailableTest" time="4.598">
    <system-out><![CDATA[11:23:26.395 [main] INFO  com.myamazon.utility.Log - -------------Start productAvailabilityTest------------------------
11:23:26.395 [main] INFO  com.myamazon.utility.Log - Index Page loaded
11:23:26.541 [main] INFO  com.myamazon.utility.Log - Entered text :t-shirt
Successfully entered value
11:23:30.888 [main] INFO  com.myamazon.utility.Log - Search Result Page loaded
11:23:30.993 [main] INFO  com.myamazon.utility.Log - productAvailability validated successfully
11:23:30.993 [main] INFO  com.myamazon.utility.Log - -------------End productAvailabilityTest------------------------
]]></system-out>
    <system-err><![CDATA[[main] INFO io.github.bonigarcia.wdm.WebDriverManager - Please answer the following questionnaire based on your experience with WebDriverManager. Thanks a lot!
[main] INFO io.github.bonigarcia.wdm.WebDriverManager - ====> http://tiny.cc/wdm-survey <====
[main] INFO io.github.bonigarcia.wdm.WebDriverManager - Using chromedriver 102.0.5005.61 (since Chrome 102 is installed in your machine)
[main] INFO io.github.bonigarcia.wdm.WebDriverManager - Exporting webdriver.chrome.driver as C:\Users\kanwaljeetsingh\.m2\repository\webdriver\chromedriver\win32\102.0.5005.61\chromedriver.exe
Starting ChromeDriver 102.0.5005.61 (0e59bcc00cc4985ce39ad31c150065f159d95ad3-refs/branch-heads/5005@{#819}) on port 30806
Only local connections are allowed.
Please see https://chromedriver.chromium.org/security-considerations for suggestions on keeping ChromeDriver safe.
ChromeDriver was started successfully.
Jun 17, 2022 11:23:13 AM org.openqa.selenium.remote.ProtocolHandshake createSession
INFO: Detected dialect: W3C
]]></system-err>
  </testcase>
  <testcase name="orderHistoryDetailTest[vineet123456@gmail.com, vineet123](1)" classname="com.myamazon.testcases.OrderHistoryWishlistLabelTest" time="14.719">
    <system-out><![CDATA[11:23:58.584 [main] INFO  com.myamazon.utility.Log - -------------Start orderHistoryTest------------------------
11:23:58.585 [main] INFO  com.myamazon.utility.Log - Index Page loaded
11:24:05.082 [main] INFO  com.myamazon.utility.Log - Clicked on Sign in button
11:24:05.285 [main] INFO  com.myamazon.utility.Log - Entered text :vineet123456@gmail.com
Successfully entered value
11:24:05.471 [main] INFO  com.myamazon.utility.Log - Entered text :vineet123
Successfully entered value
11:24:13.240 [main] INFO  com.myamazon.utility.Log - Entered Email address and password for login
11:24:13.302 [main] INFO  com.myamazon.utility.Log - orderHistory label validated successfully
11:24:13.302 [main] INFO  com.myamazon.utility.Log - -------------End orderHistoryTest------------------------
]]></system-out>
    <system-err><![CDATA[[main] INFO io.github.bonigarcia.wdm.WebDriverManager - Please answer the following questionnaire based on your experience with WebDriverManager. Thanks a lot!
[main] INFO io.github.bonigarcia.wdm.WebDriverManager - ====> http://tiny.cc/wdm-survey <====
[main] INFO io.github.bonigarcia.wdm.WebDriverManager - Using chromedriver 102.0.5005.61 (since Chrome 102 is installed in your machine)
[main] INFO io.github.bonigarcia.wdm.WebDriverManager - Exporting webdriver.chrome.driver as C:\Users\kanwaljeetsingh\.m2\repository\webdriver\chromedriver\win32\102.0.5005.61\chromedriver.exe
Starting ChromeDriver 102.0.5005.61 (0e59bcc00cc4985ce39ad31c150065f159d95ad3-refs/branch-heads/5005@{#819}) on port 36322
Only local connections are allowed.
Please see https://chromedriver.chromium.org/security-considerations for suggestions on keeping ChromeDriver safe.
ChromeDriver was started successfully.
Jun 17, 2022 11:23:32 AM org.openqa.selenium.remote.ProtocolHandshake createSession
INFO: Detected dialect: W3C
]]></system-err>
  </testcase>
  <testcase name="wishlistTest" classname="com.myamazon.testcases.OrderHistoryWishlistLabelTest" time="10.033">
    <system-out><![CDATA[11:24:38.485 [main] INFO  com.myamazon.utility.Log - Entered text :vineet123456@gmail.com
Successfully entered value
11:24:38.644 [main] INFO  com.myamazon.utility.Log - Entered text :vineet123
Successfully entered value
]]></system-out>
    <system-err><![CDATA[[main] INFO io.github.bonigarcia.wdm.WebDriverManager - Please answer the following questionnaire based on your experience with WebDriverManager. Thanks a lot!
[main] INFO io.github.bonigarcia.wdm.WebDriverManager - ====> http://tiny.cc/wdm-survey <====
[main] INFO io.github.bonigarcia.wdm.WebDriverManager - Using chromedriver 102.0.5005.61 (since Chrome 102 is installed in your machine)
[main] INFO io.github.bonigarcia.wdm.WebDriverManager - Exporting webdriver.chrome.driver as C:\Users\kanwaljeetsingh\.m2\repository\webdriver\chromedriver\win32\102.0.5005.61\chromedriver.exe
Starting ChromeDriver 102.0.5005.61 (0e59bcc00cc4985ce39ad31c150065f159d95ad3-refs/branch-heads/5005@{#819}) on port 2215
Only local connections are allowed.
Please see https://chromedriver.chromium.org/security-considerations for suggestions on keeping ChromeDriver safe.
ChromeDriver was started successfully.
Jun 17, 2022 11:24:15 AM org.openqa.selenium.remote.ProtocolHandshake createSession
INFO: Detected dialect: W3C
]]></system-err>
  </testcase>
  <testcase name="totalPriceTest[t-shirt, 2.0, M](1)" classname="com.myamazon.testcases.TotalPriceTest" time="152.259">
    <system-out><![CDATA[11:24:55.578 [main] INFO  com.myamazon.utility.Log - -------------Start totalPriceTest------------------------
11:24:55.578 [main] INFO  com.myamazon.utility.Log - Index Page loaded
11:24:55.761 [main] INFO  com.myamazon.utility.Log - Entered text :t-shirt
Successfully entered value
11:25:06.902 [main] INFO  com.myamazon.utility.Log - Search Result Page loaded
11:25:17.506 [main] INFO  com.myamazon.utility.Log - Clicked on product on Search Result Page
11:25:17.688 [main] INFO  com.myamazon.utility.Log - Entered text :2.0
Successfully entered value
11:25:17.689 [main] INFO  com.myamazon.utility.Log - Entered quantity
11:25:17.866 [main] INFO  com.myamazon.utility.Log - Dropdown option selected
11:25:17.866 [main] INFO  com.myamazon.utility.Log - Selected size
11:25:18.117 [main] INFO  com.myamazon.utility.Log - Clicked on Add to Cart button
11:27:27.706 [main] INFO  com.myamazon.utility.Log - Clicked on Proceed to Checkout button on Add to Cart page
11:27:27.835 [main] INFO  com.myamazon.utility.Log - totalExpectedPrice validated successfully
11:27:27.835 [main] INFO  com.myamazon.utility.Log - -------------End totalPriceTest------------------------
]]></system-out>
    <system-err><![CDATA[[main] INFO io.github.bonigarcia.wdm.WebDriverManager - Please answer the following questionnaire based on your experience with WebDriverManager. Thanks a lot!
[main] INFO io.github.bonigarcia.wdm.WebDriverManager - ====> http://tiny.cc/wdm-survey <====
[main] INFO io.github.bonigarcia.wdm.WebDriverManager - Using chromedriver 102.0.5005.61 (since Chrome 102 is installed in your machine)
[main] INFO io.github.bonigarcia.wdm.WebDriverManager - Exporting webdriver.chrome.driver as C:\Users\kanwaljeetsingh\.m2\repository\webdriver\chromedriver\win32\102.0.5005.61\chromedriver.exe
Starting ChromeDriver 102.0.5005.61 (0e59bcc00cc4985ce39ad31c150065f159d95ad3-refs/branch-heads/5005@{#819}) on port 34219
Only local connections are allowed.
Please see https://chromedriver.chromium.org/security-considerations for suggestions on keeping ChromeDriver safe.
ChromeDriver was started successfully.
Jun 17, 2022 11:24:45 AM org.openqa.selenium.remote.ProtocolHandshake createSession
INFO: Detected dialect: W3C
]]></system-err>
  </testcase>
</testsuite>