<?xml version="1.0" encoding="UTF-8"?>
<!-- Generated by org.testng.reporters.JUnitXMLReporter -->
<testsuite ignored="12" hostname="IN-9H42M63" failures="0" tests="8" name="Test" time="160.724" errors="0" timestamp="2022-06-12T17:50:33 IST">
  <testcase classname="com.myamazon.testcases.LoginTest" name="loginTest" time="6.89"/>
  <testcase classname="com.myamazon.testcases.EndToEndTest" name="endToEndTest" time="30.84"/>
  <testcase classname="com.myamazon.testcases.CartAddTest" name="addToCartTest" time="10.026"/>
  <testcase classname="com.myamazon.testcases.TitleTest" name="storeTitleTest" time="0.011"/>
  <testcase classname="com.myamazon.testcases.ProductAvailableTest" name="productAvailabilityTest" time="4.495"/>
  <testcase classname="com.myamazon.testcases.OrderHistoryWishlistLabelTest" name="orderHistoryDetailTest" time="9.698"/>
  <testcase classname="com.myamazon.testcases.OrderHistoryWishlistLabelTest" name="wishlistTest" time="6.718"/>
  <testcase classname="com.myamazon.testcases.TotalPriceTest" name="totalPriceTest" time="12.817"/>
  <testcase classname="com.myamazon.base.BaseClass" name="@AfterSuite afterSuite" time="0.0">
    <ignored/>
  </testcase> <!-- @AfterSuite afterSuite -->
  <testcase classname="com.myamazon.base.BaseClass" name="@AfterSuite afterSuite" time="0.0">
    <ignored/>
  </testcase> <!-- @AfterSuite afterSuite -->
  <testcase classname="com.myamazon.base.BaseClass" name="@AfterSuite afterSuite" time="0.0">
    <ignored/>
  </testcase> <!-- @AfterSuite afterSuite -->
  <testcase classname="com.myamazon.base.BaseClass" name="@AfterSuite afterSuite" time="0.0">
    <ignored/>
  </testcase> <!-- @AfterSuite afterSuite -->
  <testcase classname="com.myamazon.base.BaseClass" name="@AfterSuite afterSuite" time="0.0">
    <ignored/>
  </testcase> <!-- @AfterSuite afterSuite -->
  <testcase classname="com.myamazon.base.BaseClass" name="@AfterSuite afterSuite" time="0.0">
    <ignored/>
  </testcase> <!-- @AfterSuite afterSuite -->
  <testcase classname="com.myamazon.base.BaseClass" name="@BeforeSuite beforeSuite" time="0.0">
    <ignored/>
  </testcase> <!-- @BeforeSuite beforeSuite -->
  <testcase classname="com.myamazon.base.BaseClass" name="@BeforeSuite beforeSuite" time="0.0">
    <ignored/>
  </testcase> <!-- @BeforeSuite beforeSuite -->
  <testcase classname="com.myamazon.base.BaseClass" name="@BeforeSuite beforeSuite" time="0.0">
    <ignored/>
  </testcase> <!-- @BeforeSuite beforeSuite -->
  <testcase classname="com.myamazon.base.BaseClass" name="@BeforeSuite beforeSuite" time="0.0">
    <ignored/>
  </testcase> <!-- @BeforeSuite beforeSuite -->
  <testcase classname="com.myamazon.base.BaseClass" name="@BeforeSuite beforeSuite" time="0.0">
    <ignored/>
  </testcase> <!-- @BeforeSuite beforeSuite -->
  <testcase classname="com.myamazon.base.BaseClass" name="@BeforeSuite beforeSuite" time="0.0">
    <ignored/>
  </testcase> <!-- @BeforeSuite beforeSuite -->
</testsuite> <!-- Test -->
